<?xml version="1.0" encoding="UTF-8"?>
<!-- Generated by org.testng.reporters.JUnitReportReporter -->
<testsuite hostname="USER-20180602NR" name="cn.WebDriverAPI.HighLightElement" tests="1" failures="0" timestamp="9 Feb 2020 02:45:05 GMT" time="9.991" errors="0">
  <testcase name="test" time="9.991" classname="cn.WebDriverAPI.HighLightElement"/>
</testsuite> <!-- cn.WebDriverAPI.HighLightElement -->
