<?xml version="1.0" encoding="UTF-8"?>
<!-- Generated by org.testng.reporters.JUnitReportReporter -->
<testsuite hostname="USER-20180602NR" name="cn.WebDriverAPI.Radio" tests="1" failures="0" timestamp="9 Feb 2020 02:46:42 GMT" time="10.327" errors="0">
  <testcase name="test" time="10.327" classname="cn.WebDriverAPI.Radio"/>
</testsuite> <!-- cn.WebDriverAPI.Radio -->
