<?xml version="1.0" encoding="UTF-8"?>
<!-- Generated by org.testng.reporters.JUnitReportReporter -->
<testsuite hostname="USER-20180602NR" name="cn.Log4j.TestLog4j" tests="1" failures="0" timestamp="16 Feb 2020 07:06:09 GMT" time="9.261" errors="0">
  <testcase name="test" time="9.261" classname="cn.Log4j.TestLog4j"/>
</testsuite> <!-- cn.Log4j.TestLog4j -->
