<?xml version="1.0" encoding="UTF-8"?>
<!-- Generated by org.testng.reporters.JUnitReportReporter -->
<testsuite hostname="USER-20180602NR" name="cn.WebDriverAPI.iFrame" tests="1" failures="0" timestamp="9 Feb 2020 03:00:21 GMT" time="24.046" errors="0">
  <testcase name="test" time="24.046" classname="cn.WebDriverAPI.iFrame"/>
</testsuite> <!-- cn.WebDriverAPI.iFrame -->
